ARM GAS  /var/folders/t9/y_chwk8j4cv2jjx6x9_h4twc0000gn/T//ccAbAfbf.s 			page 1


   1              		.cpu cortex-m3
   2              		.arch armv7-m
   3              		.fpu softvfp
   4              		.eabi_attribute 20, 1
   5              		.eabi_attribute 21, 1
   6              		.eabi_attribute 23, 3
   7              		.eabi_attribute 24, 1
   8              		.eabi_attribute 25, 1
   9              		.eabi_attribute 26, 1
  10              		.eabi_attribute 30, 1
  11              		.eabi_attribute 34, 1
  12              		.eabi_attribute 18, 4
  13              		.file	"tachometer.c"
  14              		.text
  15              	.Ltext0:
  16              		.cfi_sections	.debug_frame
  17              		.file 1 "Core/Src/tachometer.c"
  18              		.section	.text.Tachometer_ChannelFromHal,"ax",%progbits
  19              		.align	1
  20              		.syntax unified
  21              		.thumb
  22              		.thumb_func
  24              	Tachometer_ChannelFromHal:
  25              	.LVL0:
  26              	.LFB70:
   1:Core/Src/tachometer.c **** #include "tachometer.h"
   2:Core/Src/tachometer.c **** 
   3:Core/Src/tachometer.c **** /*
   4:Core/Src/tachometer.c ****  * tachometer.c
   5:Core/Src/tachometer.c ****  * ------------
   6:Core/Src/tachometer.c ****  * Convertit les impulsions tachymetre en RPM exploitables.
   7:Core/Src/tachometer.c ****  *
   8:Core/Src/tachometer.c ****  * Strategie :
   9:Core/Src/tachometer.c ****  * - l'interruption capture la periode
  10:Core/Src/tachometer.c ****  * - la tache periodique calcule le RPM et applique un filtrage
  11:Core/Src/tachometer.c ****  */
  12:Core/Src/tachometer.c **** 
  13:Core/Src/tachometer.c **** // TIM2 capture les periodes des signaux tach.
  14:Core/Src/tachometer.c **** #define TACH_TIM_TICK_HZ            125000UL
  15:Core/Src/tachometer.c **** #define TACH_PULSES_PER_REVOLUTION  2UL
  16:Core/Src/tachometer.c **** #define TACH_TIMEOUT_MS             1200UL
  17:Core/Src/tachometer.c **** #define TACH_FILTER_SAMPLES         4U
  18:Core/Src/tachometer.c **** 
  19:Core/Src/tachometer.c **** // Etat d'un canal tachymetre.
  20:Core/Src/tachometer.c **** typedef struct {
  21:Core/Src/tachometer.c ****     volatile uint32_t last_capture;
  22:Core/Src/tachometer.c ****     volatile uint32_t period_ticks;
  23:Core/Src/tachometer.c ****     volatile uint32_t last_edge_ms;
  24:Core/Src/tachometer.c ****     volatile uint8_t first_capture;
  25:Core/Src/tachometer.c ****     volatile uint8_t pending_period;
  26:Core/Src/tachometer.c ****     uint16_t samples[TACH_FILTER_SAMPLES];
  27:Core/Src/tachometer.c ****     uint8_t sample_count;
  28:Core/Src/tachometer.c ****     uint8_t sample_index;
  29:Core/Src/tachometer.c ****     TachometerReading_t reading;
  30:Core/Src/tachometer.c **** } TachometerChannel_t;
  31:Core/Src/tachometer.c **** 
  32:Core/Src/tachometer.c **** static TachometerChannel_t g_tach[TACHOMETER_CHANNEL_COUNT];
ARM GAS  /var/folders/t9/y_chwk8j4cv2jjx6x9_h4twc0000gn/T//ccAbAfbf.s 			page 2


  33:Core/Src/tachometer.c **** 
  34:Core/Src/tachometer.c **** static int32_t Tachometer_ChannelFromHal(const TIM_HandleTypeDef *htim);
  35:Core/Src/tachometer.c **** static void Tachometer_ResetSamples(TachometerChannel_t *channel);
  36:Core/Src/tachometer.c **** static uint16_t Tachometer_ComputeAverage(const TachometerChannel_t *channel);
  37:Core/Src/tachometer.c **** 
  38:Core/Src/tachometer.c **** void Tachometer_Init(void)
  39:Core/Src/tachometer.c **** {
  40:Core/Src/tachometer.c ****     uint8_t index;
  41:Core/Src/tachometer.c **** 
  42:Core/Src/tachometer.c ****     // Reset complet des 4 canaux.
  43:Core/Src/tachometer.c ****     for (index = 0U; index < TACHOMETER_CHANNEL_COUNT; index++) {
  44:Core/Src/tachometer.c ****         g_tach[index].first_capture = 1U;
  45:Core/Src/tachometer.c ****         g_tach[index].pending_period = 0U;
  46:Core/Src/tachometer.c ****         Tachometer_ResetSamples(&g_tach[index]);
  47:Core/Src/tachometer.c ****         g_tach[index].reading.rpm_instant = 0U;
  48:Core/Src/tachometer.c ****         g_tach[index].reading.rpm_filtered = 0U;
  49:Core/Src/tachometer.c ****         g_tach[index].reading.signal_present = false;
  50:Core/Src/tachometer.c ****         g_tach[index].reading.timeout = false;
  51:Core/Src/tachometer.c ****     }
  52:Core/Src/tachometer.c **** }
  53:Core/Src/tachometer.c **** 
  54:Core/Src/tachometer.c **** void Tachometer_OnCapture(TIM_HandleTypeDef *htim)
  55:Core/Src/tachometer.c **** {
  56:Core/Src/tachometer.c ****     int32_t channel_index;
  57:Core/Src/tachometer.c ****     TachometerChannel_t *channel;
  58:Core/Src/tachometer.c ****     uint32_t now_capture;
  59:Core/Src/tachometer.c ****     uint32_t period_ticks;
  60:Core/Src/tachometer.c ****     uint32_t tim_channel;
  61:Core/Src/tachometer.c **** 
  62:Core/Src/tachometer.c ****     if ((htim == NULL) || (htim->Instance != TIM2)) {
  63:Core/Src/tachometer.c ****         return;
  64:Core/Src/tachometer.c ****     }
  65:Core/Src/tachometer.c **** 
  66:Core/Src/tachometer.c ****     // On convertit le channel HAL en index 0..3.
  67:Core/Src/tachometer.c ****     channel_index = Tachometer_ChannelFromHal(htim);
  68:Core/Src/tachometer.c ****     if ((channel_index < 0) || (channel_index >= (int32_t)TACHOMETER_CHANNEL_COUNT)) {
  69:Core/Src/tachometer.c ****         return;
  70:Core/Src/tachometer.c ****     }
  71:Core/Src/tachometer.c **** 
  72:Core/Src/tachometer.c ****     channel = &g_tach[channel_index];
  73:Core/Src/tachometer.c ****     tim_channel = (uint32_t)(TIM_CHANNEL_1 + ((uint32_t)channel_index * 4UL));
  74:Core/Src/tachometer.c ****     now_capture = HAL_TIM_ReadCapturedValue(htim, tim_channel);
  75:Core/Src/tachometer.c **** 
  76:Core/Src/tachometer.c ****     // Premiere capture : on memorise seulement le point de depart.
  77:Core/Src/tachometer.c ****     if (channel->first_capture != 0U) {
  78:Core/Src/tachometer.c ****         channel->last_capture = now_capture;
  79:Core/Src/tachometer.c ****         channel->last_edge_ms = HAL_GetTick();
  80:Core/Src/tachometer.c ****         channel->first_capture = 0U;
  81:Core/Src/tachometer.c ****         channel->reading.signal_present = true;
  82:Core/Src/tachometer.c ****         channel->reading.timeout = false;
  83:Core/Src/tachometer.c ****         return;
  84:Core/Src/tachometer.c ****     }
  85:Core/Src/tachometer.c **** 
  86:Core/Src/tachometer.c ****     if (now_capture >= channel->last_capture) {
  87:Core/Src/tachometer.c ****         period_ticks = now_capture - channel->last_capture;
  88:Core/Src/tachometer.c ****     } else {
  89:Core/Src/tachometer.c ****         // Gestion du overflow 16 bits du timer.
ARM GAS  /var/folders/t9/y_chwk8j4cv2jjx6x9_h4twc0000gn/T//ccAbAfbf.s 			page 3


  90:Core/Src/tachometer.c ****         period_ticks = (0xFFFFUL - channel->last_capture) + now_capture + 1UL;
  91:Core/Src/tachometer.c ****     }
  92:Core/Src/tachometer.c **** 
  93:Core/Src/tachometer.c ****     channel->last_capture = now_capture;
  94:Core/Src/tachometer.c ****     channel->last_edge_ms = HAL_GetTick();
  95:Core/Src/tachometer.c **** 
  96:Core/Src/tachometer.c ****     if (period_ticks > 0UL) {
  97:Core/Src/tachometer.c ****         channel->period_ticks = period_ticks;
  98:Core/Src/tachometer.c ****         channel->pending_period = 1U;
  99:Core/Src/tachometer.c ****     }
 100:Core/Src/tachometer.c **** }
 101:Core/Src/tachometer.c **** 
 102:Core/Src/tachometer.c **** void Tachometer_Task(uint32_t now_ms)
 103:Core/Src/tachometer.c **** {
 104:Core/Src/tachometer.c ****     uint8_t index;
 105:Core/Src/tachometer.c **** 
 106:Core/Src/tachometer.c ****     for (index = 0U; index < TACHOMETER_CHANNEL_COUNT; index++) {
 107:Core/Src/tachometer.c ****         TachometerChannel_t *channel = &g_tach[index];
 108:Core/Src/tachometer.c **** 
 109:Core/Src/tachometer.c ****         if ((channel->first_capture == 0U) && ((now_ms - channel->last_edge_ms) > TACH_TIMEOUT_MS))
 110:Core/Src/tachometer.c ****             channel->reading.rpm_instant = 0U;
 111:Core/Src/tachometer.c ****             channel->reading.rpm_filtered = 0U;
 112:Core/Src/tachometer.c ****             channel->reading.signal_present = false;
 113:Core/Src/tachometer.c ****             channel->reading.timeout = true;
 114:Core/Src/tachometer.c ****             channel->pending_period = 0U;
 115:Core/Src/tachometer.c ****             Tachometer_ResetSamples(channel);
 116:Core/Src/tachometer.c ****             continue;
 117:Core/Src/tachometer.c ****         }
 118:Core/Src/tachometer.c **** 
 119:Core/Src/tachometer.c ****         // Une nouvelle periode a ete mesuree.
 120:Core/Src/tachometer.c ****         if (channel->pending_period != 0U) {
 121:Core/Src/tachometer.c ****             uint32_t rpm;
 122:Core/Src/tachometer.c **** 
 123:Core/Src/tachometer.c ****             channel->pending_period = 0U;
 124:Core/Src/tachometer.c **** 
 125:Core/Src/tachometer.c ****             // rpm = frequence * 60 / pulses_par_tour
 126:Core/Src/tachometer.c ****             // Ici on divise par 2 car le ventilateur fournit 2 impulsions par tour.
 127:Core/Src/tachometer.c ****             rpm = ((TACH_TIM_TICK_HZ * 60UL) / channel->period_ticks) / TACH_PULSES_PER_REVOLUTION;
 128:Core/Src/tachometer.c ****             if (rpm > 65535UL) {
 129:Core/Src/tachometer.c ****                 rpm = 65535UL;
 130:Core/Src/tachometer.c ****             }
 131:Core/Src/tachometer.c **** 
 132:Core/Src/tachometer.c ****             channel->reading.rpm_instant = (uint16_t)rpm;
 133:Core/Src/tachometer.c ****             channel->samples[channel->sample_index] = (uint16_t)rpm;
 134:Core/Src/tachometer.c ****             channel->sample_index = (uint8_t)((channel->sample_index + 1U) % TACH_FILTER_SAMPLES);
 135:Core/Src/tachometer.c ****             if (channel->sample_count < TACH_FILTER_SAMPLES) {
 136:Core/Src/tachometer.c ****                 channel->sample_count++;
 137:Core/Src/tachometer.c ****             }
 138:Core/Src/tachometer.c **** 
 139:Core/Src/tachometer.c ****             // Petit filtre moyenne glissante.
 140:Core/Src/tachometer.c ****             channel->reading.rpm_filtered = Tachometer_ComputeAverage(channel);
 141:Core/Src/tachometer.c ****             channel->reading.signal_present = true;
 142:Core/Src/tachometer.c ****             channel->reading.timeout = false;
 143:Core/Src/tachometer.c ****         }
 144:Core/Src/tachometer.c ****     }
 145:Core/Src/tachometer.c **** }
 146:Core/Src/tachometer.c **** 
ARM GAS  /var/folders/t9/y_chwk8j4cv2jjx6x9_h4twc0000gn/T//ccAbAfbf.s 			page 4


 147:Core/Src/tachometer.c **** const TachometerReading_t *Tachometer_GetReading(uint8_t index)
 148:Core/Src/tachometer.c **** {
 149:Core/Src/tachometer.c ****     if (index >= TACHOMETER_CHANNEL_COUNT) {
 150:Core/Src/tachometer.c ****         return NULL;
 151:Core/Src/tachometer.c ****     }
 152:Core/Src/tachometer.c **** 
 153:Core/Src/tachometer.c ****     return &g_tach[index].reading;
 154:Core/Src/tachometer.c **** }
 155:Core/Src/tachometer.c **** 
 156:Core/Src/tachometer.c **** void Tachometer_GetSnapshot(TachometerSnapshot_t *snapshot)
 157:Core/Src/tachometer.c **** {
 158:Core/Src/tachometer.c ****     uint8_t index;
 159:Core/Src/tachometer.c **** 
 160:Core/Src/tachometer.c ****     if (snapshot == NULL) {
 161:Core/Src/tachometer.c ****         return;
 162:Core/Src/tachometer.c ****     }
 163:Core/Src/tachometer.c **** 
 164:Core/Src/tachometer.c ****     for (index = 0U; index < TACHOMETER_CHANNEL_COUNT; index++) {
 165:Core/Src/tachometer.c ****         snapshot->fans[index] = g_tach[index].reading;
 166:Core/Src/tachometer.c ****     }
 167:Core/Src/tachometer.c **** }
 168:Core/Src/tachometer.c **** 
 169:Core/Src/tachometer.c **** static int32_t Tachometer_ChannelFromHal(const TIM_HandleTypeDef *htim)
 170:Core/Src/tachometer.c **** {
  27              		.loc 1 170 1 view -0
  28              		.cfi_startproc
  29              		@ args = 0, pretend = 0, frame = 0
  30              		@ frame_needed = 0, uses_anonymous_args = 0
  31              		@ link register save eliminated.
 171:Core/Src/tachometer.c ****     switch (htim->Channel) {
  32              		.loc 1 171 5 view .LVU1
  33              		.loc 1 171 17 is_stmt 0 view .LVU2
  34 0000 037F     		ldrb	r3, [r0, #28]	@ zero_extendqisi2
  35              		.loc 1 171 5 view .LVU3
  36 0002 042B     		cmp	r3, #4
  37 0004 0AD0     		beq	.L4
  38 0006 05D8     		bhi	.L3
  39 0008 012B     		cmp	r3, #1
  40 000a 09D0     		beq	.L5
  41 000c 022B     		cmp	r3, #2
  42 000e 09D1     		bne	.L6
 172:Core/Src/tachometer.c ****         case HAL_TIM_ACTIVE_CHANNEL_1:
 173:Core/Src/tachometer.c ****             return 0;
 174:Core/Src/tachometer.c ****         case HAL_TIM_ACTIVE_CHANNEL_2:
 175:Core/Src/tachometer.c ****             return 1;
  43              		.loc 1 175 20 view .LVU4
  44 0010 0120     		movs	r0, #1
  45              	.LVL1:
  46              		.loc 1 175 20 view .LVU5
  47 0012 7047     		bx	lr
  48              	.LVL2:
  49              	.L3:
 171:Core/Src/tachometer.c ****     switch (htim->Channel) {
  50              		.loc 1 171 5 view .LVU6
  51 0014 082B     		cmp	r3, #8
  52 0016 08D1     		bne	.L7
 176:Core/Src/tachometer.c ****         case HAL_TIM_ACTIVE_CHANNEL_3:
ARM GAS  /var/folders/t9/y_chwk8j4cv2jjx6x9_h4twc0000gn/T//ccAbAfbf.s 			page 5


 177:Core/Src/tachometer.c ****             return 2;
 178:Core/Src/tachometer.c ****         case HAL_TIM_ACTIVE_CHANNEL_4:
 179:Core/Src/tachometer.c ****             return 3;
  53              		.loc 1 179 20 view .LVU7
  54 0018 0320     		movs	r0, #3
  55              	.LVL3:
  56              		.loc 1 179 20 view .LVU8
  57 001a 7047     		bx	lr
  58              	.LVL4:
  59              	.L4:
 177:Core/Src/tachometer.c ****         case HAL_TIM_ACTIVE_CHANNEL_4:
  60              		.loc 1 177 20 view .LVU9
  61 001c 0220     		movs	r0, #2
  62              	.LVL5:
 177:Core/Src/tachometer.c ****         case HAL_TIM_ACTIVE_CHANNEL_4:
  63              		.loc 1 177 20 view .LVU10
  64 001e 7047     		bx	lr
  65              	.LVL6:
  66              	.L5:
 171:Core/Src/tachometer.c ****         case HAL_TIM_ACTIVE_CHANNEL_1:
  67              		.loc 1 171 5 view .LVU11
  68 0020 0020     		movs	r0, #0
  69              	.LVL7:
 171:Core/Src/tachometer.c ****         case HAL_TIM_ACTIVE_CHANNEL_1:
  70              		.loc 1 171 5 view .LVU12
  71 0022 7047     		bx	lr
  72              	.LVL8:
  73              	.L6:
 180:Core/Src/tachometer.c ****         default:
 181:Core/Src/tachometer.c ****             return -1;
  74              		.loc 1 181 20 view .LVU13
  75 0024 4FF0FF30 		mov	r0, #-1
  76              	.LVL9:
  77              		.loc 1 181 20 view .LVU14
  78 0028 7047     		bx	lr
  79              	.LVL10:
  80              	.L7:
  81              		.loc 1 181 20 view .LVU15
  82 002a 4FF0FF30 		mov	r0, #-1
  83              	.LVL11:
 182:Core/Src/tachometer.c ****     }
 183:Core/Src/tachometer.c **** }
  84              		.loc 1 183 1 view .LVU16
  85 002e 7047     		bx	lr
  86              		.cfi_endproc
  87              	.LFE70:
  89              		.section	.text.Tachometer_ResetSamples,"ax",%progbits
  90              		.align	1
  91              		.syntax unified
  92              		.thumb
  93              		.thumb_func
  95              	Tachometer_ResetSamples:
  96              	.LVL12:
  97              	.LFB71:
 184:Core/Src/tachometer.c **** 
 185:Core/Src/tachometer.c **** static void Tachometer_ResetSamples(TachometerChannel_t *channel)
 186:Core/Src/tachometer.c **** {
ARM GAS  /var/folders/t9/y_chwk8j4cv2jjx6x9_h4twc0000gn/T//ccAbAfbf.s 			page 6


  98              		.loc 1 186 1 is_stmt 1 view -0
  99              		.cfi_startproc
 100              		@ args = 0, pretend = 0, frame = 0
 101              		@ frame_needed = 0, uses_anonymous_args = 0
 102              		@ link register save eliminated.
 187:Core/Src/tachometer.c ****     uint8_t sample;
 103              		.loc 1 187 5 view .LVU18
 188:Core/Src/tachometer.c **** 
 189:Core/Src/tachometer.c ****     // Vide la fenetre du filtre.
 190:Core/Src/tachometer.c ****     channel->sample_count = 0U;
 104              		.loc 1 190 5 view .LVU19
 105              		.loc 1 190 27 is_stmt 0 view .LVU20
 106 0000 0023     		movs	r3, #0
 107 0002 8375     		strb	r3, [r0, #22]
 191:Core/Src/tachometer.c ****     channel->sample_index = 0U;
 108              		.loc 1 191 5 is_stmt 1 view .LVU21
 109              		.loc 1 191 27 is_stmt 0 view .LVU22
 110 0004 C375     		strb	r3, [r0, #23]
 192:Core/Src/tachometer.c **** 
 193:Core/Src/tachometer.c ****     for (sample = 0U; sample < TACH_FILTER_SAMPLES; sample++) {
 111              		.loc 1 193 5 is_stmt 1 view .LVU23
 112              	.LVL13:
 113              		.loc 1 193 5 is_stmt 0 view .LVU24
 114 0006 06E0     		b	.L9
 115              	.LVL14:
 116              	.L10:
 194:Core/Src/tachometer.c ****         channel->samples[sample] = 0U;
 117              		.loc 1 194 9 is_stmt 1 view .LVU25
 118              		.loc 1 194 34 is_stmt 0 view .LVU26
 119 0008 1A1D     		adds	r2, r3, #4
 120 000a 00EB4202 		add	r2, r0, r2, lsl #1
 121 000e 0021     		movs	r1, #0
 122 0010 D180     		strh	r1, [r2, #6]	@ movhi
 193:Core/Src/tachometer.c ****         channel->samples[sample] = 0U;
 123              		.loc 1 193 59 is_stmt 1 discriminator 3 view .LVU27
 124 0012 0133     		adds	r3, r3, #1
 125              	.LVL15:
 193:Core/Src/tachometer.c ****         channel->samples[sample] = 0U;
 126              		.loc 1 193 59 is_stmt 0 discriminator 3 view .LVU28
 127 0014 DBB2     		uxtb	r3, r3
 128              	.LVL16:
 129              	.L9:
 193:Core/Src/tachometer.c ****         channel->samples[sample] = 0U;
 130              		.loc 1 193 30 is_stmt 1 discriminator 1 view .LVU29
 131 0016 032B     		cmp	r3, #3
 132 0018 F6D9     		bls	.L10
 195:Core/Src/tachometer.c ****     }
 196:Core/Src/tachometer.c **** }
 133              		.loc 1 196 1 is_stmt 0 view .LVU30
 134 001a 7047     		bx	lr
 135              		.cfi_endproc
 136              	.LFE71:
 138              		.section	.text.Tachometer_ComputeAverage,"ax",%progbits
 139              		.align	1
 140              		.syntax unified
 141              		.thumb
 142              		.thumb_func
ARM GAS  /var/folders/t9/y_chwk8j4cv2jjx6x9_h4twc0000gn/T//ccAbAfbf.s 			page 7


 144              	Tachometer_ComputeAverage:
 145              	.LVL17:
 146              	.LFB72:
 197:Core/Src/tachometer.c **** 
 198:Core/Src/tachometer.c **** static uint16_t Tachometer_ComputeAverage(const TachometerChannel_t *channel)
 199:Core/Src/tachometer.c **** {
 147              		.loc 1 199 1 is_stmt 1 view -0
 148              		.cfi_startproc
 149              		@ args = 0, pretend = 0, frame = 0
 150              		@ frame_needed = 0, uses_anonymous_args = 0
 151              		@ link register save eliminated.
 200:Core/Src/tachometer.c ****     uint32_t total = 0UL;
 152              		.loc 1 200 5 view .LVU32
 201:Core/Src/tachometer.c ****     uint8_t sample;
 153              		.loc 1 201 5 view .LVU33
 202:Core/Src/tachometer.c **** 
 203:Core/Src/tachometer.c ****     if (channel->sample_count == 0U) {
 154              		.loc 1 203 5 view .LVU34
 155              		.loc 1 203 16 is_stmt 0 view .LVU35
 156 0000 90F816C0 		ldrb	ip, [r0, #22]	@ zero_extendqisi2
 157              		.loc 1 203 8 view .LVU36
 158 0004 BCF1000F 		cmp	ip, #0
 159 0008 0FD0     		beq	.L15
 204:Core/Src/tachometer.c ****         return 0U;
 205:Core/Src/tachometer.c ****     }
 206:Core/Src/tachometer.c **** 
 207:Core/Src/tachometer.c ****     // Moyenne simple. Suffisant pour lisser un peu le RPM.
 208:Core/Src/tachometer.c ****     // Ce filtre simple est souvent assez bon pour l'affichage et la regulation.
 209:Core/Src/tachometer.c ****     for (sample = 0U; sample < channel->sample_count; sample++) {
 160              		.loc 1 209 17 view .LVU37
 161 000a 0023     		movs	r3, #0
 200:Core/Src/tachometer.c ****     uint8_t sample;
 162              		.loc 1 200 14 view .LVU38
 163 000c 1946     		mov	r1, r3
 164 000e 06E0     		b	.L13
 165              	.LVL18:
 166              	.L14:
 210:Core/Src/tachometer.c ****         total += channel->samples[sample];
 167              		.loc 1 210 9 is_stmt 1 view .LVU39
 168              		.loc 1 210 34 is_stmt 0 view .LVU40
 169 0010 1A1D     		adds	r2, r3, #4
 170 0012 00EB4202 		add	r2, r0, r2, lsl #1
 171 0016 D288     		ldrh	r2, [r2, #6]
 172              		.loc 1 210 15 view .LVU41
 173 0018 1144     		add	r1, r1, r2
 174              	.LVL19:
 209:Core/Src/tachometer.c ****         total += channel->samples[sample];
 175              		.loc 1 209 61 is_stmt 1 discriminator 3 view .LVU42
 176 001a 0133     		adds	r3, r3, #1
 177              	.LVL20:
 209:Core/Src/tachometer.c ****         total += channel->samples[sample];
 178              		.loc 1 209 61 is_stmt 0 discriminator 3 view .LVU43
 179 001c DBB2     		uxtb	r3, r3
 180              	.LVL21:
 181              	.L13:
 209:Core/Src/tachometer.c ****         total += channel->samples[sample];
 182              		.loc 1 209 30 is_stmt 1 discriminator 1 view .LVU44
ARM GAS  /var/folders/t9/y_chwk8j4cv2jjx6x9_h4twc0000gn/T//ccAbAfbf.s 			page 8


 183 001e 9C45     		cmp	ip, r3
 184 0020 F6D8     		bhi	.L14
 211:Core/Src/tachometer.c ****     }
 212:Core/Src/tachometer.c **** 
 213:Core/Src/tachometer.c ****     return (uint16_t)(total / channel->sample_count);
 185              		.loc 1 213 5 view .LVU45
 186              		.loc 1 213 29 is_stmt 0 view .LVU46
 187 0022 B1FBFCF0 		udiv	r0, r1, ip
 188              	.LVL22:
 189              		.loc 1 213 12 view .LVU47
 190 0026 80B2     		uxth	r0, r0
 191 0028 7047     		bx	lr
 192              	.LVL23:
 193              	.L15:
 204:Core/Src/tachometer.c ****     }
 194              		.loc 1 204 16 view .LVU48
 195 002a 6046     		mov	r0, ip
 196              	.LVL24:
 214:Core/Src/tachometer.c **** }
 197              		.loc 1 214 1 view .LVU49
 198 002c 7047     		bx	lr
 199              		.cfi_endproc
 200              	.LFE72:
 202              		.section	.text.Tachometer_Init,"ax",%progbits
 203              		.align	1
 204              		.global	Tachometer_Init
 205              		.syntax unified
 206              		.thumb
 207              		.thumb_func
 209              	Tachometer_Init:
 210              	.LFB65:
  39:Core/Src/tachometer.c ****     uint8_t index;
 211              		.loc 1 39 1 is_stmt 1 view -0
 212              		.cfi_startproc
 213              		@ args = 0, pretend = 0, frame = 0
 214              		@ frame_needed = 0, uses_anonymous_args = 0
 215 0000 70B5     		push	{r4, r5, r6, lr}
 216              	.LCFI0:
 217              		.cfi_def_cfa_offset 16
 218              		.cfi_offset 4, -16
 219              		.cfi_offset 5, -12
 220              		.cfi_offset 6, -8
 221              		.cfi_offset 14, -4
  40:Core/Src/tachometer.c **** 
 222              		.loc 1 40 5 view .LVU51
  43:Core/Src/tachometer.c ****         g_tach[index].first_capture = 1U;
 223              		.loc 1 43 5 view .LVU52
 224              	.LVL25:
  43:Core/Src/tachometer.c ****         g_tach[index].first_capture = 1U;
 225              		.loc 1 43 16 is_stmt 0 view .LVU53
 226 0002 0025     		movs	r5, #0
  43:Core/Src/tachometer.c ****         g_tach[index].first_capture = 1U;
 227              		.loc 1 43 5 view .LVU54
 228 0004 11E0     		b	.L17
 229              	.LVL26:
 230              	.L18:
  44:Core/Src/tachometer.c ****         g_tach[index].pending_period = 0U;
ARM GAS  /var/folders/t9/y_chwk8j4cv2jjx6x9_h4twc0000gn/T//ccAbAfbf.s 			page 9


 231              		.loc 1 44 9 is_stmt 1 view .LVU55
  44:Core/Src/tachometer.c ****         g_tach[index].pending_period = 0U;
 232              		.loc 1 44 37 is_stmt 0 view .LVU56
 233 0006 0A4C     		ldr	r4, .L20
 234 0008 04EB4514 		add	r4, r4, r5, lsl #5
 235 000c 0123     		movs	r3, #1
 236 000e 2373     		strb	r3, [r4, #12]
  45:Core/Src/tachometer.c ****         Tachometer_ResetSamples(&g_tach[index]);
 237              		.loc 1 45 9 is_stmt 1 view .LVU57
  45:Core/Src/tachometer.c ****         Tachometer_ResetSamples(&g_tach[index]);
 238              		.loc 1 45 38 is_stmt 0 view .LVU58
 239 0010 0026     		movs	r6, #0
 240 0012 6673     		strb	r6, [r4, #13]
  46:Core/Src/tachometer.c ****         g_tach[index].reading.rpm_instant = 0U;
 241              		.loc 1 46 9 is_stmt 1 view .LVU59
 242 0014 2046     		mov	r0, r4
 243 0016 FFF7FEFF 		bl	Tachometer_ResetSamples
 244              	.LVL27:
  47:Core/Src/tachometer.c ****         g_tach[index].reading.rpm_filtered = 0U;
 245              		.loc 1 47 9 view .LVU60
  47:Core/Src/tachometer.c ****         g_tach[index].reading.rpm_filtered = 0U;
 246              		.loc 1 47 43 is_stmt 0 view .LVU61
 247 001a 4FF00003 		mov	r3, #0	@ movhi
 248 001e 2683     		strh	r6, [r4, #24]	@ movhi
  48:Core/Src/tachometer.c ****         g_tach[index].reading.signal_present = false;
 249              		.loc 1 48 9 is_stmt 1 view .LVU62
  48:Core/Src/tachometer.c ****         g_tach[index].reading.signal_present = false;
 250              		.loc 1 48 44 is_stmt 0 view .LVU63
 251 0020 6683     		strh	r6, [r4, #26]	@ movhi
  49:Core/Src/tachometer.c ****         g_tach[index].reading.timeout = false;
 252              		.loc 1 49 9 is_stmt 1 view .LVU64
  49:Core/Src/tachometer.c ****         g_tach[index].reading.timeout = false;
 253              		.loc 1 49 46 is_stmt 0 view .LVU65
 254 0022 2377     		strb	r3, [r4, #28]
  50:Core/Src/tachometer.c ****     }
 255              		.loc 1 50 9 is_stmt 1 view .LVU66
  50:Core/Src/tachometer.c ****     }
 256              		.loc 1 50 39 is_stmt 0 view .LVU67
 257 0024 6377     		strb	r3, [r4, #29]
  43:Core/Src/tachometer.c ****         g_tach[index].first_capture = 1U;
 258              		.loc 1 43 61 is_stmt 1 discriminator 3 view .LVU68
 259 0026 0135     		adds	r5, r5, #1
 260              	.LVL28:
  43:Core/Src/tachometer.c ****         g_tach[index].first_capture = 1U;
 261              		.loc 1 43 61 is_stmt 0 discriminator 3 view .LVU69
 262 0028 EDB2     		uxtb	r5, r5
 263              	.LVL29:
 264              	.L17:
  43:Core/Src/tachometer.c ****         g_tach[index].first_capture = 1U;
 265              		.loc 1 43 28 is_stmt 1 discriminator 1 view .LVU70
 266 002a 032D     		cmp	r5, #3
 267 002c EBD9     		bls	.L18
  52:Core/Src/tachometer.c **** 
 268              		.loc 1 52 1 is_stmt 0 view .LVU71
 269 002e 70BD     		pop	{r4, r5, r6, pc}
 270              	.LVL30:
 271              	.L21:
ARM GAS  /var/folders/t9/y_chwk8j4cv2jjx6x9_h4twc0000gn/T//ccAbAfbf.s 			page 10


  52:Core/Src/tachometer.c **** 
 272              		.loc 1 52 1 view .LVU72
 273              		.align	2
 274              	.L20:
 275 0030 00000000 		.word	g_tach
 276              		.cfi_endproc
 277              	.LFE65:
 279              		.section	.text.Tachometer_OnCapture,"ax",%progbits
 280              		.align	1
 281              		.global	Tachometer_OnCapture
 282              		.syntax unified
 283              		.thumb
 284              		.thumb_func
 286              	Tachometer_OnCapture:
 287              	.LVL31:
 288              	.LFB66:
  55:Core/Src/tachometer.c ****     int32_t channel_index;
 289              		.loc 1 55 1 is_stmt 1 view -0
 290              		.cfi_startproc
 291              		@ args = 0, pretend = 0, frame = 0
 292              		@ frame_needed = 0, uses_anonymous_args = 0
  56:Core/Src/tachometer.c ****     TachometerChannel_t *channel;
 293              		.loc 1 56 5 view .LVU74
  57:Core/Src/tachometer.c ****     uint32_t now_capture;
 294              		.loc 1 57 5 view .LVU75
  58:Core/Src/tachometer.c ****     uint32_t period_ticks;
 295              		.loc 1 58 5 view .LVU76
  59:Core/Src/tachometer.c ****     uint32_t tim_channel;
 296              		.loc 1 59 5 view .LVU77
  60:Core/Src/tachometer.c **** 
 297              		.loc 1 60 5 view .LVU78
  62:Core/Src/tachometer.c ****         return;
 298              		.loc 1 62 5 view .LVU79
  62:Core/Src/tachometer.c ****         return;
 299              		.loc 1 62 8 is_stmt 0 view .LVU80
 300 0000 0028     		cmp	r0, #0
 301 0002 3FD0     		beq	.L28
  55:Core/Src/tachometer.c ****     int32_t channel_index;
 302              		.loc 1 55 1 view .LVU81
 303 0004 70B5     		push	{r4, r5, r6, lr}
 304              	.LCFI1:
 305              		.cfi_def_cfa_offset 16
 306              		.cfi_offset 4, -16
 307              		.cfi_offset 5, -12
 308              		.cfi_offset 6, -8
 309              		.cfi_offset 14, -4
 310 0006 0446     		mov	r4, r0
  62:Core/Src/tachometer.c ****         return;
 311              		.loc 1 62 32 discriminator 1 view .LVU82
 312 0008 0368     		ldr	r3, [r0]
  62:Core/Src/tachometer.c ****         return;
 313              		.loc 1 62 24 discriminator 1 view .LVU83
 314 000a B3F1804F 		cmp	r3, #1073741824
 315 000e 00D0     		beq	.L31
 316              	.LVL32:
 317              	.L22:
 100:Core/Src/tachometer.c **** 
ARM GAS  /var/folders/t9/y_chwk8j4cv2jjx6x9_h4twc0000gn/T//ccAbAfbf.s 			page 11


 318              		.loc 1 100 1 view .LVU84
 319 0010 70BD     		pop	{r4, r5, r6, pc}
 320              	.LVL33:
 321              	.L31:
  67:Core/Src/tachometer.c ****     if ((channel_index < 0) || (channel_index >= (int32_t)TACHOMETER_CHANNEL_COUNT)) {
 322              		.loc 1 67 5 is_stmt 1 view .LVU85
  67:Core/Src/tachometer.c ****     if ((channel_index < 0) || (channel_index >= (int32_t)TACHOMETER_CHANNEL_COUNT)) {
 323              		.loc 1 67 21 is_stmt 0 view .LVU86
 324 0012 FFF7FEFF 		bl	Tachometer_ChannelFromHal
 325              	.LVL34:
  67:Core/Src/tachometer.c ****     if ((channel_index < 0) || (channel_index >= (int32_t)TACHOMETER_CHANNEL_COUNT)) {
 326              		.loc 1 67 21 view .LVU87
 327 0016 0546     		mov	r5, r0
 328              	.LVL35:
  68:Core/Src/tachometer.c ****         return;
 329              		.loc 1 68 5 is_stmt 1 view .LVU88
  68:Core/Src/tachometer.c ****         return;
 330              		.loc 1 68 8 is_stmt 0 view .LVU89
 331 0018 0328     		cmp	r0, #3
 332 001a F9D8     		bhi	.L22
  72:Core/Src/tachometer.c ****     tim_channel = (uint32_t)(TIM_CHANNEL_1 + ((uint32_t)channel_index * 4UL));
 333              		.loc 1 72 5 is_stmt 1 view .LVU90
 334              	.LVL36:
  73:Core/Src/tachometer.c ****     now_capture = HAL_TIM_ReadCapturedValue(htim, tim_channel);
 335              		.loc 1 73 5 view .LVU91
  74:Core/Src/tachometer.c **** 
 336              		.loc 1 74 5 view .LVU92
  74:Core/Src/tachometer.c **** 
 337              		.loc 1 74 19 is_stmt 0 view .LVU93
 338 001c 8100     		lsls	r1, r0, #2
 339              	.LVL37:
  74:Core/Src/tachometer.c **** 
 340              		.loc 1 74 19 view .LVU94
 341 001e 2046     		mov	r0, r4
 342              	.LVL38:
  74:Core/Src/tachometer.c **** 
 343              		.loc 1 74 19 view .LVU95
 344 0020 FFF7FEFF 		bl	HAL_TIM_ReadCapturedValue
 345              	.LVL39:
  77:Core/Src/tachometer.c ****         channel->last_capture = now_capture;
 346              		.loc 1 77 5 is_stmt 1 view .LVU96
  77:Core/Src/tachometer.c ****         channel->last_capture = now_capture;
 347              		.loc 1 77 16 is_stmt 0 view .LVU97
 348 0024 184B     		ldr	r3, .L33
 349 0026 03EB4513 		add	r3, r3, r5, lsl #5
 350              	.LVL40:
  77:Core/Src/tachometer.c ****         channel->last_capture = now_capture;
 351              		.loc 1 77 16 view .LVU98
 352 002a 1B7B     		ldrb	r3, [r3, #12]	@ zero_extendqisi2
 353              	.LVL41:
  77:Core/Src/tachometer.c ****         channel->last_capture = now_capture;
 354              		.loc 1 77 8 view .LVU99
 355 002c ABB9     		cbnz	r3, .L32
  86:Core/Src/tachometer.c ****         period_ticks = now_capture - channel->last_capture;
 356              		.loc 1 86 5 is_stmt 1 view .LVU100
  86:Core/Src/tachometer.c ****         period_ticks = now_capture - channel->last_capture;
 357              		.loc 1 86 31 is_stmt 0 view .LVU101
ARM GAS  /var/folders/t9/y_chwk8j4cv2jjx6x9_h4twc0000gn/T//ccAbAfbf.s 			page 12


 358 002e 6B01     		lsls	r3, r5, #5
 359 0030 154A     		ldr	r2, .L33
 360 0032 D358     		ldr	r3, [r2, r3]
  86:Core/Src/tachometer.c ****         period_ticks = now_capture - channel->last_capture;
 361              		.loc 1 86 8 view .LVU102
 362 0034 8342     		cmp	r3, r0
 363 0036 1ED8     		bhi	.L25
  87:Core/Src/tachometer.c ****     } else {
 364              		.loc 1 87 9 is_stmt 1 view .LVU103
  87:Core/Src/tachometer.c ****     } else {
 365              		.loc 1 87 45 is_stmt 0 view .LVU104
 366 0038 6B01     		lsls	r3, r5, #5
 367 003a D458     		ldr	r4, [r2, r3]
 368              	.LVL42:
  87:Core/Src/tachometer.c ****     } else {
 369              		.loc 1 87 22 view .LVU105
 370 003c 041B     		subs	r4, r0, r4
 371              	.LVL43:
 372              	.L26:
  93:Core/Src/tachometer.c ****     channel->last_edge_ms = HAL_GetTick();
 373              		.loc 1 93 5 is_stmt 1 view .LVU106
  93:Core/Src/tachometer.c ****     channel->last_edge_ms = HAL_GetTick();
 374              		.loc 1 93 27 is_stmt 0 view .LVU107
 375 003e 124A     		ldr	r2, .L33
 376 0040 6B01     		lsls	r3, r5, #5
 377 0042 02EB4516 		add	r6, r2, r5, lsl #5
 378 0046 D050     		str	r0, [r2, r3]
  94:Core/Src/tachometer.c **** 
 379              		.loc 1 94 5 is_stmt 1 view .LVU108
  94:Core/Src/tachometer.c **** 
 380              		.loc 1 94 29 is_stmt 0 view .LVU109
 381 0048 FFF7FEFF 		bl	HAL_GetTick
 382              	.LVL44:
  94:Core/Src/tachometer.c **** 
 383              		.loc 1 94 27 discriminator 1 view .LVU110
 384 004c B060     		str	r0, [r6, #8]
  96:Core/Src/tachometer.c ****         channel->period_ticks = period_ticks;
 385              		.loc 1 96 5 is_stmt 1 view .LVU111
  96:Core/Src/tachometer.c ****         channel->period_ticks = period_ticks;
 386              		.loc 1 96 8 is_stmt 0 view .LVU112
 387 004e 002C     		cmp	r4, #0
 388 0050 DED0     		beq	.L22
  97:Core/Src/tachometer.c ****         channel->pending_period = 1U;
 389              		.loc 1 97 9 is_stmt 1 view .LVU113
  97:Core/Src/tachometer.c ****         channel->pending_period = 1U;
 390              		.loc 1 97 31 is_stmt 0 view .LVU114
 391 0052 7460     		str	r4, [r6, #4]
  98:Core/Src/tachometer.c ****     }
 392              		.loc 1 98 9 is_stmt 1 view .LVU115
  98:Core/Src/tachometer.c ****     }
 393              		.loc 1 98 33 is_stmt 0 view .LVU116
 394 0054 0122     		movs	r2, #1
 395 0056 7273     		strb	r2, [r6, #13]
 396 0058 DAE7     		b	.L22
 397              	.LVL45:
 398              	.L32:
  78:Core/Src/tachometer.c ****         channel->last_edge_ms = HAL_GetTick();
ARM GAS  /var/folders/t9/y_chwk8j4cv2jjx6x9_h4twc0000gn/T//ccAbAfbf.s 			page 13


 399              		.loc 1 78 9 is_stmt 1 view .LVU117
  78:Core/Src/tachometer.c ****         channel->last_edge_ms = HAL_GetTick();
 400              		.loc 1 78 31 is_stmt 0 view .LVU118
 401 005a 0B4B     		ldr	r3, .L33
 402 005c 6A01     		lsls	r2, r5, #5
 403 005e 03EB4514 		add	r4, r3, r5, lsl #5
 404              	.LVL46:
  78:Core/Src/tachometer.c ****         channel->last_edge_ms = HAL_GetTick();
 405              		.loc 1 78 31 view .LVU119
 406 0062 9850     		str	r0, [r3, r2]
  79:Core/Src/tachometer.c ****         channel->first_capture = 0U;
 407              		.loc 1 79 9 is_stmt 1 view .LVU120
  79:Core/Src/tachometer.c ****         channel->first_capture = 0U;
 408              		.loc 1 79 33 is_stmt 0 view .LVU121
 409 0064 FFF7FEFF 		bl	HAL_GetTick
 410              	.LVL47:
  79:Core/Src/tachometer.c ****         channel->first_capture = 0U;
 411              		.loc 1 79 31 discriminator 1 view .LVU122
 412 0068 A060     		str	r0, [r4, #8]
  80:Core/Src/tachometer.c ****         channel->reading.signal_present = true;
 413              		.loc 1 80 9 is_stmt 1 view .LVU123
  80:Core/Src/tachometer.c ****         channel->reading.signal_present = true;
 414              		.loc 1 80 32 is_stmt 0 view .LVU124
 415 006a 0023     		movs	r3, #0
 416 006c 2373     		strb	r3, [r4, #12]
  81:Core/Src/tachometer.c ****         channel->reading.timeout = false;
 417              		.loc 1 81 9 is_stmt 1 view .LVU125
  81:Core/Src/tachometer.c ****         channel->reading.timeout = false;
 418              		.loc 1 81 41 is_stmt 0 view .LVU126
 419 006e 0122     		movs	r2, #1
 420 0070 2277     		strb	r2, [r4, #28]
  82:Core/Src/tachometer.c ****         return;
 421              		.loc 1 82 9 is_stmt 1 view .LVU127
  82:Core/Src/tachometer.c ****         return;
 422              		.loc 1 82 34 is_stmt 0 view .LVU128
 423 0072 6377     		strb	r3, [r4, #29]
  83:Core/Src/tachometer.c ****     }
 424              		.loc 1 83 9 is_stmt 1 view .LVU129
 425 0074 CCE7     		b	.L22
 426              	.LVL48:
 427              	.L25:
  90:Core/Src/tachometer.c ****     }
 428              		.loc 1 90 9 view .LVU130
  90:Core/Src/tachometer.c ****     }
 429              		.loc 1 90 43 is_stmt 0 view .LVU131
 430 0076 6B01     		lsls	r3, r5, #5
 431 0078 034A     		ldr	r2, .L33
 432 007a D458     		ldr	r4, [r2, r3]
 433              	.LVL49:
  90:Core/Src/tachometer.c ****     }
 434              		.loc 1 90 59 view .LVU132
 435 007c 041B     		subs	r4, r0, r4
  90:Core/Src/tachometer.c ****     }
 436              		.loc 1 90 22 view .LVU133
 437 007e 04F58034 		add	r4, r4, #65536
 438 0082 DCE7     		b	.L26
 439              	.LVL50:
ARM GAS  /var/folders/t9/y_chwk8j4cv2jjx6x9_h4twc0000gn/T//ccAbAfbf.s 			page 14


 440              	.L28:
 441              	.LCFI2:
 442              		.cfi_def_cfa_offset 0
 443              		.cfi_restore 4
 444              		.cfi_restore 5
 445              		.cfi_restore 6
 446              		.cfi_restore 14
  90:Core/Src/tachometer.c ****     }
 447              		.loc 1 90 22 view .LVU134
 448 0084 7047     		bx	lr
 449              	.L34:
 450 0086 00BF     		.align	2
 451              	.L33:
 452 0088 00000000 		.word	g_tach
 453              		.cfi_endproc
 454              	.LFE66:
 456              		.section	.text.Tachometer_Task,"ax",%progbits
 457              		.align	1
 458              		.global	Tachometer_Task
 459              		.syntax unified
 460              		.thumb
 461              		.thumb_func
 463              	Tachometer_Task:
 464              	.LVL51:
 465              	.LFB67:
 103:Core/Src/tachometer.c ****     uint8_t index;
 466              		.loc 1 103 1 is_stmt 1 view -0
 467              		.cfi_startproc
 468              		@ args = 0, pretend = 0, frame = 0
 469              		@ frame_needed = 0, uses_anonymous_args = 0
 103:Core/Src/tachometer.c ****     uint8_t index;
 470              		.loc 1 103 1 is_stmt 0 view .LVU136
 471 0000 70B5     		push	{r4, r5, r6, lr}
 472              	.LCFI3:
 473              		.cfi_def_cfa_offset 16
 474              		.cfi_offset 4, -16
 475              		.cfi_offset 5, -12
 476              		.cfi_offset 6, -8
 477              		.cfi_offset 14, -4
 478 0002 0646     		mov	r6, r0
 104:Core/Src/tachometer.c **** 
 479              		.loc 1 104 5 is_stmt 1 view .LVU137
 106:Core/Src/tachometer.c ****         TachometerChannel_t *channel = &g_tach[index];
 480              		.loc 1 106 5 view .LVU138
 481              	.LVL52:
 106:Core/Src/tachometer.c ****         TachometerChannel_t *channel = &g_tach[index];
 482              		.loc 1 106 16 is_stmt 0 view .LVU139
 483 0004 0024     		movs	r4, #0
 106:Core/Src/tachometer.c ****         TachometerChannel_t *channel = &g_tach[index];
 484              		.loc 1 106 5 view .LVU140
 485 0006 17E0     		b	.L36
 486              	.LVL53:
 487              	.L45:
 488              	.LBB2:
 110:Core/Src/tachometer.c ****             channel->reading.rpm_filtered = 0U;
 489              		.loc 1 110 13 is_stmt 1 view .LVU141
 110:Core/Src/tachometer.c ****             channel->reading.rpm_filtered = 0U;
ARM GAS  /var/folders/t9/y_chwk8j4cv2jjx6x9_h4twc0000gn/T//ccAbAfbf.s 			page 15


 490              		.loc 1 110 42 is_stmt 0 view .LVU142
 491 0008 0021     		movs	r1, #0
 492 000a 4FF00002 		mov	r2, #0	@ movhi
 493 000e 0183     		strh	r1, [r0, #24]	@ movhi
 111:Core/Src/tachometer.c ****             channel->reading.signal_present = false;
 494              		.loc 1 111 13 is_stmt 1 view .LVU143
 111:Core/Src/tachometer.c ****             channel->reading.signal_present = false;
 495              		.loc 1 111 43 is_stmt 0 view .LVU144
 496 0010 4183     		strh	r1, [r0, #26]	@ movhi
 112:Core/Src/tachometer.c ****             channel->reading.timeout = true;
 497              		.loc 1 112 13 is_stmt 1 view .LVU145
 112:Core/Src/tachometer.c ****             channel->reading.timeout = true;
 498              		.loc 1 112 45 is_stmt 0 view .LVU146
 499 0012 0277     		strb	r2, [r0, #28]
 113:Core/Src/tachometer.c ****             channel->pending_period = 0U;
 500              		.loc 1 113 13 is_stmt 1 view .LVU147
 113:Core/Src/tachometer.c ****             channel->pending_period = 0U;
 501              		.loc 1 113 38 is_stmt 0 view .LVU148
 502 0014 0121     		movs	r1, #1
 503 0016 4177     		strb	r1, [r0, #29]
 114:Core/Src/tachometer.c ****             Tachometer_ResetSamples(channel);
 504              		.loc 1 114 13 is_stmt 1 view .LVU149
 114:Core/Src/tachometer.c ****             Tachometer_ResetSamples(channel);
 505              		.loc 1 114 37 is_stmt 0 view .LVU150
 506 0018 4273     		strb	r2, [r0, #13]
 115:Core/Src/tachometer.c ****             continue;
 507              		.loc 1 115 13 is_stmt 1 view .LVU151
 508 001a FFF7FEFF 		bl	Tachometer_ResetSamples
 509              	.LVL54:
 116:Core/Src/tachometer.c ****         }
 510              		.loc 1 116 13 view .LVU152
 511 001e 09E0     		b	.L38
 512              	.LVL55:
 513              	.L40:
 514              	.LBB3:
 140:Core/Src/tachometer.c ****             channel->reading.signal_present = true;
 515              		.loc 1 140 13 view .LVU153
 140:Core/Src/tachometer.c ****             channel->reading.signal_present = true;
 516              		.loc 1 140 45 is_stmt 0 view .LVU154
 517 0020 FFF7FEFF 		bl	Tachometer_ComputeAverage
 518              	.LVL56:
 140:Core/Src/tachometer.c ****             channel->reading.signal_present = true;
 519              		.loc 1 140 43 discriminator 1 view .LVU155
 520 0024 224B     		ldr	r3, .L46
 521              	.LVL57:
 140:Core/Src/tachometer.c ****             channel->reading.signal_present = true;
 522              		.loc 1 140 43 discriminator 1 view .LVU156
 523 0026 03EB4513 		add	r3, r3, r5, lsl #5
 524              	.LVL58:
 140:Core/Src/tachometer.c ****             channel->reading.signal_present = true;
 525              		.loc 1 140 43 discriminator 1 view .LVU157
 526 002a 5883     		strh	r0, [r3, #26]	@ movhi
 141:Core/Src/tachometer.c ****             channel->reading.timeout = false;
 527              		.loc 1 141 13 is_stmt 1 view .LVU158
 141:Core/Src/tachometer.c ****             channel->reading.timeout = false;
 528              		.loc 1 141 45 is_stmt 0 view .LVU159
 529 002c 0122     		movs	r2, #1
ARM GAS  /var/folders/t9/y_chwk8j4cv2jjx6x9_h4twc0000gn/T//ccAbAfbf.s 			page 16


 530 002e 1A77     		strb	r2, [r3, #28]
 142:Core/Src/tachometer.c ****         }
 531              		.loc 1 142 13 is_stmt 1 view .LVU160
 142:Core/Src/tachometer.c ****         }
 532              		.loc 1 142 38 is_stmt 0 view .LVU161
 533 0030 0022     		movs	r2, #0
 534 0032 5A77     		strb	r2, [r3, #29]
 535              	.LVL59:
 536              	.L38:
 142:Core/Src/tachometer.c ****         }
 537              		.loc 1 142 38 view .LVU162
 538              	.LBE3:
 539              	.LBE2:
 106:Core/Src/tachometer.c ****         TachometerChannel_t *channel = &g_tach[index];
 540              		.loc 1 106 61 is_stmt 1 discriminator 2 view .LVU163
 541 0034 0134     		adds	r4, r4, #1
 542              	.LVL60:
 106:Core/Src/tachometer.c ****         TachometerChannel_t *channel = &g_tach[index];
 543              		.loc 1 106 61 is_stmt 0 discriminator 2 view .LVU164
 544 0036 E4B2     		uxtb	r4, r4
 545              	.LVL61:
 546              	.L36:
 106:Core/Src/tachometer.c ****         TachometerChannel_t *channel = &g_tach[index];
 547              		.loc 1 106 28 is_stmt 1 discriminator 1 view .LVU165
 548 0038 032C     		cmp	r4, #3
 549 003a 37D8     		bhi	.L44
 550              	.LBB5:
 107:Core/Src/tachometer.c **** 
 551              		.loc 1 107 9 view .LVU166
 107:Core/Src/tachometer.c **** 
 552              		.loc 1 107 47 is_stmt 0 view .LVU167
 553 003c 2546     		mov	r5, r4
 107:Core/Src/tachometer.c **** 
 554              		.loc 1 107 30 view .LVU168
 555 003e 1C48     		ldr	r0, .L46
 556 0040 00EB4410 		add	r0, r0, r4, lsl #5
 557              	.LVL62:
 109:Core/Src/tachometer.c ****             channel->reading.rpm_instant = 0U;
 558              		.loc 1 109 9 is_stmt 1 view .LVU169
 109:Core/Src/tachometer.c ****             channel->reading.rpm_instant = 0U;
 559              		.loc 1 109 21 is_stmt 0 view .LVU170
 560 0044 037B     		ldrb	r3, [r0, #12]	@ zero_extendqisi2
 109:Core/Src/tachometer.c ****             channel->reading.rpm_instant = 0U;
 561              		.loc 1 109 12 view .LVU171
 562 0046 23B9     		cbnz	r3, .L37
 109:Core/Src/tachometer.c ****             channel->reading.rpm_instant = 0U;
 563              		.loc 1 109 65 discriminator 1 view .LVU172
 564 0048 8368     		ldr	r3, [r0, #8]
 109:Core/Src/tachometer.c ****             channel->reading.rpm_instant = 0U;
 565              		.loc 1 109 56 discriminator 1 view .LVU173
 566 004a F31A     		subs	r3, r6, r3
 109:Core/Src/tachometer.c ****             channel->reading.rpm_instant = 0U;
 567              		.loc 1 109 44 discriminator 1 view .LVU174
 568 004c B3F5966F 		cmp	r3, #1200
 569 0050 DAD8     		bhi	.L45
 570              	.L37:
 120:Core/Src/tachometer.c ****             uint32_t rpm;
ARM GAS  /var/folders/t9/y_chwk8j4cv2jjx6x9_h4twc0000gn/T//ccAbAfbf.s 			page 17


 571              		.loc 1 120 9 is_stmt 1 view .LVU175
 120:Core/Src/tachometer.c ****             uint32_t rpm;
 572              		.loc 1 120 20 is_stmt 0 view .LVU176
 573 0052 174B     		ldr	r3, .L46
 574 0054 03EB4513 		add	r3, r3, r5, lsl #5
 575 0058 5B7B     		ldrb	r3, [r3, #13]	@ zero_extendqisi2
 120:Core/Src/tachometer.c ****             uint32_t rpm;
 576              		.loc 1 120 12 view .LVU177
 577 005a 002B     		cmp	r3, #0
 578 005c EAD0     		beq	.L38
 579              	.LBB4:
 121:Core/Src/tachometer.c **** 
 580              		.loc 1 121 13 is_stmt 1 view .LVU178
 123:Core/Src/tachometer.c **** 
 581              		.loc 1 123 13 view .LVU179
 123:Core/Src/tachometer.c **** 
 582              		.loc 1 123 37 is_stmt 0 view .LVU180
 583 005e 144B     		ldr	r3, .L46
 584 0060 03EB4513 		add	r3, r3, r5, lsl #5
 585 0064 0022     		movs	r2, #0
 586 0066 5A73     		strb	r2, [r3, #13]
 127:Core/Src/tachometer.c ****             if (rpm > 65535UL) {
 587              		.loc 1 127 13 is_stmt 1 view .LVU181
 127:Core/Src/tachometer.c ****             if (rpm > 65535UL) {
 588              		.loc 1 127 55 is_stmt 0 view .LVU182
 589 0068 5A68     		ldr	r2, [r3, #4]
 127:Core/Src/tachometer.c ****             if (rpm > 65535UL) {
 590              		.loc 1 127 17 view .LVU183
 591 006a 124B     		ldr	r3, .L46+4
 592 006c B3FBF2F3 		udiv	r3, r3, r2
 593              	.LVL63:
 128:Core/Src/tachometer.c ****                 rpm = 65535UL;
 594              		.loc 1 128 13 is_stmt 1 view .LVU184
 128:Core/Src/tachometer.c ****                 rpm = 65535UL;
 595              		.loc 1 128 16 is_stmt 0 view .LVU185
 596 0070 B3F5803F 		cmp	r3, #65536
 597 0074 01D3     		bcc	.L39
 129:Core/Src/tachometer.c ****             }
 598              		.loc 1 129 21 view .LVU186
 599 0076 4FF6FF73 		movw	r3, #65535
 600              	.LVL64:
 601              	.L39:
 132:Core/Src/tachometer.c ****             channel->samples[channel->sample_index] = (uint16_t)rpm;
 602              		.loc 1 132 13 is_stmt 1 view .LVU187
 132:Core/Src/tachometer.c ****             channel->samples[channel->sample_index] = (uint16_t)rpm;
 603              		.loc 1 132 44 is_stmt 0 view .LVU188
 604 007a 9BB2     		uxth	r3, r3
 605              	.LVL65:
 132:Core/Src/tachometer.c ****             channel->samples[channel->sample_index] = (uint16_t)rpm;
 606              		.loc 1 132 42 view .LVU189
 607 007c DFF830C0 		ldr	ip, .L46
 608 0080 0CEB4511 		add	r1, ip, r5, lsl #5
 609 0084 0B83     		strh	r3, [r1, #24]	@ movhi
 133:Core/Src/tachometer.c ****             channel->sample_index = (uint8_t)((channel->sample_index + 1U) % TACH_FILTER_SAMPLES);
 610              		.loc 1 133 13 is_stmt 1 view .LVU190
 133:Core/Src/tachometer.c ****             channel->sample_index = (uint8_t)((channel->sample_index + 1U) % TACH_FILTER_SAMPLES);
 611              		.loc 1 133 37 is_stmt 0 view .LVU191
ARM GAS  /var/folders/t9/y_chwk8j4cv2jjx6x9_h4twc0000gn/T//ccAbAfbf.s 			page 18


 612 0086 CA7D     		ldrb	r2, [r1, #23]	@ zero_extendqisi2
 133:Core/Src/tachometer.c ****             channel->sample_index = (uint8_t)((channel->sample_index + 1U) % TACH_FILTER_SAMPLES);
 613              		.loc 1 133 53 view .LVU192
 614 0088 02EB051E 		add	lr, r2, r5, lsl #4
 615 008c 0EF1040E 		add	lr, lr, #4
 616 0090 0CEB4E0C 		add	ip, ip, lr, lsl #1
 617 0094 ACF80630 		strh	r3, [ip, #6]	@ movhi
 134:Core/Src/tachometer.c ****             if (channel->sample_count < TACH_FILTER_SAMPLES) {
 618              		.loc 1 134 13 is_stmt 1 view .LVU193
 134:Core/Src/tachometer.c ****             if (channel->sample_count < TACH_FILTER_SAMPLES) {
 619              		.loc 1 134 37 is_stmt 0 view .LVU194
 620 0098 0132     		adds	r2, r2, #1
 621 009a 02F00302 		and	r2, r2, #3
 134:Core/Src/tachometer.c ****             if (channel->sample_count < TACH_FILTER_SAMPLES) {
 622              		.loc 1 134 35 view .LVU195
 623 009e CA75     		strb	r2, [r1, #23]
 135:Core/Src/tachometer.c ****                 channel->sample_count++;
 624              		.loc 1 135 13 is_stmt 1 view .LVU196
 135:Core/Src/tachometer.c ****                 channel->sample_count++;
 625              		.loc 1 135 24 is_stmt 0 view .LVU197
 626 00a0 8B7D     		ldrb	r3, [r1, #22]	@ zero_extendqisi2
 135:Core/Src/tachometer.c ****                 channel->sample_count++;
 627              		.loc 1 135 16 view .LVU198
 628 00a2 032B     		cmp	r3, #3
 629 00a4 BCD8     		bhi	.L40
 136:Core/Src/tachometer.c ****             }
 630              		.loc 1 136 17 is_stmt 1 view .LVU199
 136:Core/Src/tachometer.c ****             }
 631              		.loc 1 136 38 is_stmt 0 view .LVU200
 632 00a6 0133     		adds	r3, r3, #1
 633 00a8 8B75     		strb	r3, [r1, #22]
 634 00aa B9E7     		b	.L40
 635              	.LVL66:
 636              	.L44:
 136:Core/Src/tachometer.c ****             }
 637              		.loc 1 136 38 view .LVU201
 638              	.LBE4:
 639              	.LBE5:
 145:Core/Src/tachometer.c **** 
 640              		.loc 1 145 1 view .LVU202
 641 00ac 70BD     		pop	{r4, r5, r6, pc}
 642              	.LVL67:
 643              	.L47:
 145:Core/Src/tachometer.c **** 
 644              		.loc 1 145 1 view .LVU203
 645 00ae 00BF     		.align	2
 646              	.L46:
 647 00b0 00000000 		.word	g_tach
 648 00b4 70383900 		.word	3750000
 649              		.cfi_endproc
 650              	.LFE67:
 652              		.section	.text.Tachometer_GetReading,"ax",%progbits
 653              		.align	1
 654              		.global	Tachometer_GetReading
 655              		.syntax unified
 656              		.thumb
 657              		.thumb_func
ARM GAS  /var/folders/t9/y_chwk8j4cv2jjx6x9_h4twc0000gn/T//ccAbAfbf.s 			page 19


 659              	Tachometer_GetReading:
 660              	.LVL68:
 661              	.LFB68:
 148:Core/Src/tachometer.c ****     if (index >= TACHOMETER_CHANNEL_COUNT) {
 662              		.loc 1 148 1 is_stmt 1 view -0
 663              		.cfi_startproc
 664              		@ args = 0, pretend = 0, frame = 0
 665              		@ frame_needed = 0, uses_anonymous_args = 0
 666              		@ link register save eliminated.
 149:Core/Src/tachometer.c ****         return NULL;
 667              		.loc 1 149 5 view .LVU205
 149:Core/Src/tachometer.c ****         return NULL;
 668              		.loc 1 149 8 is_stmt 0 view .LVU206
 669 0000 0328     		cmp	r0, #3
 670 0002 04D8     		bhi	.L50
 153:Core/Src/tachometer.c **** }
 671              		.loc 1 153 5 is_stmt 1 view .LVU207
 153:Core/Src/tachometer.c **** }
 672              		.loc 1 153 12 is_stmt 0 view .LVU208
 673 0004 4001     		lsls	r0, r0, #5
 674              	.LVL69:
 153:Core/Src/tachometer.c **** }
 675              		.loc 1 153 12 view .LVU209
 676 0006 1830     		adds	r0, r0, #24
 677 0008 024B     		ldr	r3, .L51
 678 000a 1844     		add	r0, r0, r3
 679 000c 7047     		bx	lr
 680              	.LVL70:
 681              	.L50:
 150:Core/Src/tachometer.c ****     }
 682              		.loc 1 150 16 view .LVU210
 683 000e 0020     		movs	r0, #0
 684              	.LVL71:
 154:Core/Src/tachometer.c **** 
 685              		.loc 1 154 1 view .LVU211
 686 0010 7047     		bx	lr
 687              	.L52:
 688 0012 00BF     		.align	2
 689              	.L51:
 690 0014 00000000 		.word	g_tach
 691              		.cfi_endproc
 692              	.LFE68:
 694              		.section	.text.Tachometer_GetSnapshot,"ax",%progbits
 695              		.align	1
 696              		.global	Tachometer_GetSnapshot
 697              		.syntax unified
 698              		.thumb
 699              		.thumb_func
 701              	Tachometer_GetSnapshot:
 702              	.LVL72:
 703              	.LFB69:
 157:Core/Src/tachometer.c ****     uint8_t index;
 704              		.loc 1 157 1 is_stmt 1 view -0
 705              		.cfi_startproc
 706              		@ args = 0, pretend = 0, frame = 0
 707              		@ frame_needed = 0, uses_anonymous_args = 0
 158:Core/Src/tachometer.c **** 
ARM GAS  /var/folders/t9/y_chwk8j4cv2jjx6x9_h4twc0000gn/T//ccAbAfbf.s 			page 20


 708              		.loc 1 158 5 view .LVU213
 160:Core/Src/tachometer.c ****         return;
 709              		.loc 1 160 5 view .LVU214
 160:Core/Src/tachometer.c ****         return;
 710              		.loc 1 160 8 is_stmt 0 view .LVU215
 711 0000 B8B1     		cbz	r0, .L58
 712 0002 8446     		mov	ip, r0
 164:Core/Src/tachometer.c ****         snapshot->fans[index] = g_tach[index].reading;
 713              		.loc 1 164 16 view .LVU216
 714 0004 0023     		movs	r3, #0
 715              	.LVL73:
 164:Core/Src/tachometer.c ****         snapshot->fans[index] = g_tach[index].reading;
 716              		.loc 1 164 28 is_stmt 1 discriminator 1 view .LVU217
 717 0006 032B     		cmp	r3, #3
 718 0008 12D8     		bhi	.L62
 157:Core/Src/tachometer.c ****     uint8_t index;
 719              		.loc 1 157 1 is_stmt 0 view .LVU218
 720 000a 00B5     		push	{lr}
 721              	.LCFI4:
 722              		.cfi_def_cfa_offset 4
 723              		.cfi_offset 14, -4
 724              	.LVL74:
 725              	.L56:
 165:Core/Src/tachometer.c ****     }
 726              		.loc 1 165 9 is_stmt 1 view .LVU219
 165:Core/Src/tachometer.c ****     }
 727              		.loc 1 165 31 is_stmt 0 view .LVU220
 728 000c 03EB4301 		add	r1, r3, r3, lsl #1
 729 0010 0CEB410E 		add	lr, ip, r1, lsl #1
 730 0014 074A     		ldr	r2, .L63
 731 0016 02EB4312 		add	r2, r2, r3, lsl #5
 732 001a 9069     		ldr	r0, [r2, #24]
 733 001c 4CF81100 		str	r0, [ip, r1, lsl #1]	@ unaligned
 734 0020 928B     		ldrh	r2, [r2, #28]	@ unaligned
 735 0022 AEF80420 		strh	r2, [lr, #4]	@ unaligned
 164:Core/Src/tachometer.c ****         snapshot->fans[index] = g_tach[index].reading;
 736              		.loc 1 164 61 is_stmt 1 discriminator 3 view .LVU221
 737 0026 0133     		adds	r3, r3, #1
 738              	.LVL75:
 164:Core/Src/tachometer.c ****         snapshot->fans[index] = g_tach[index].reading;
 739              		.loc 1 164 61 is_stmt 0 discriminator 3 view .LVU222
 740 0028 DBB2     		uxtb	r3, r3
 741              	.LVL76:
 164:Core/Src/tachometer.c ****         snapshot->fans[index] = g_tach[index].reading;
 742              		.loc 1 164 28 is_stmt 1 discriminator 1 view .LVU223
 743 002a 032B     		cmp	r3, #3
 744 002c EED9     		bls	.L56
 167:Core/Src/tachometer.c **** 
 745              		.loc 1 167 1 is_stmt 0 view .LVU224
 746 002e 00BD     		pop	{pc}
 747              	.LVL77:
 748              	.L62:
 749              	.LCFI5:
 750              		.cfi_def_cfa_offset 0
 751              		.cfi_restore 14
 167:Core/Src/tachometer.c **** 
 752              		.loc 1 167 1 view .LVU225
ARM GAS  /var/folders/t9/y_chwk8j4cv2jjx6x9_h4twc0000gn/T//ccAbAfbf.s 			page 21


 753 0030 7047     		bx	lr
 754              	.LVL78:
 755              	.L58:
 167:Core/Src/tachometer.c **** 
 756              		.loc 1 167 1 view .LVU226
 757 0032 7047     		bx	lr
 758              	.L64:
 759              		.align	2
 760              	.L63:
 761 0034 00000000 		.word	g_tach
 762              		.cfi_endproc
 763              	.LFE69:
 765              		.section	.bss.g_tach,"aw",%nobits
 766              		.align	2
 769              	g_tach:
 770 0000 00000000 		.space	128
 770      00000000 
 770      00000000 
 770      00000000 
 770      00000000 
 771              		.text
 772              	.Letext0:
 773              		.file 2 "/Applications/ArmGNUToolchain/15.2.rel1/arm-none-eabi/arm-none-eabi/include/machine/_defa
 774              		.file 3 "/Applications/ArmGNUToolchain/15.2.rel1/arm-none-eabi/arm-none-eabi/include/sys/_stdint.h
 775              		.file 4 "Drivers/CMSIS/Device/ST/STM32F1xx/Include/stm32f103xb.h"
 776              		.file 5 "Drivers/STM32F1xx_HAL_Driver/Inc/stm32f1xx_hal_def.h"
 777              		.file 6 "Drivers/STM32F1xx_HAL_Driver/Inc/stm32f1xx_hal_dma.h"
 778              		.file 7 "Drivers/STM32F1xx_HAL_Driver/Inc/stm32f1xx_hal_tim.h"
 779              		.file 8 "Core/Inc/tachometer.h"
 780              		.file 9 "Drivers/STM32F1xx_HAL_Driver/Inc/stm32f1xx_hal.h"
ARM GAS  /var/folders/t9/y_chwk8j4cv2jjx6x9_h4twc0000gn/T//ccAbAfbf.s 			page 22


DEFINED SYMBOLS
                            *ABS*:00000000 tachometer.c
/var/folders/t9/y_chwk8j4cv2jjx6x9_h4twc0000gn/T//ccAbAfbf.s:19     .text.Tachometer_ChannelFromHal:00000000 $t
/var/folders/t9/y_chwk8j4cv2jjx6x9_h4twc0000gn/T//ccAbAfbf.s:24     .text.Tachometer_ChannelFromHal:00000000 Tachometer_ChannelFromHal
/var/folders/t9/y_chwk8j4cv2jjx6x9_h4twc0000gn/T//ccAbAfbf.s:90     .text.Tachometer_ResetSamples:00000000 $t
/var/folders/t9/y_chwk8j4cv2jjx6x9_h4twc0000gn/T//ccAbAfbf.s:95     .text.Tachometer_ResetSamples:00000000 Tachometer_ResetSamples
/var/folders/t9/y_chwk8j4cv2jjx6x9_h4twc0000gn/T//ccAbAfbf.s:139    .text.Tachometer_ComputeAverage:00000000 $t
/var/folders/t9/y_chwk8j4cv2jjx6x9_h4twc0000gn/T//ccAbAfbf.s:144    .text.Tachometer_ComputeAverage:00000000 Tachometer_ComputeAverage
/var/folders/t9/y_chwk8j4cv2jjx6x9_h4twc0000gn/T//ccAbAfbf.s:203    .text.Tachometer_Init:00000000 $t
/var/folders/t9/y_chwk8j4cv2jjx6x9_h4twc0000gn/T//ccAbAfbf.s:209    .text.Tachometer_Init:00000000 Tachometer_Init
/var/folders/t9/y_chwk8j4cv2jjx6x9_h4twc0000gn/T//ccAbAfbf.s:275    .text.Tachometer_Init:00000030 $d
/var/folders/t9/y_chwk8j4cv2jjx6x9_h4twc0000gn/T//ccAbAfbf.s:769    .bss.g_tach:00000000 g_tach
/var/folders/t9/y_chwk8j4cv2jjx6x9_h4twc0000gn/T//ccAbAfbf.s:280    .text.Tachometer_OnCapture:00000000 $t
/var/folders/t9/y_chwk8j4cv2jjx6x9_h4twc0000gn/T//ccAbAfbf.s:286    .text.Tachometer_OnCapture:00000000 Tachometer_OnCapture
/var/folders/t9/y_chwk8j4cv2jjx6x9_h4twc0000gn/T//ccAbAfbf.s:452    .text.Tachometer_OnCapture:00000088 $d
/var/folders/t9/y_chwk8j4cv2jjx6x9_h4twc0000gn/T//ccAbAfbf.s:457    .text.Tachometer_Task:00000000 $t
/var/folders/t9/y_chwk8j4cv2jjx6x9_h4twc0000gn/T//ccAbAfbf.s:463    .text.Tachometer_Task:00000000 Tachometer_Task
/var/folders/t9/y_chwk8j4cv2jjx6x9_h4twc0000gn/T//ccAbAfbf.s:647    .text.Tachometer_Task:000000b0 $d
/var/folders/t9/y_chwk8j4cv2jjx6x9_h4twc0000gn/T//ccAbAfbf.s:653    .text.Tachometer_GetReading:00000000 $t
/var/folders/t9/y_chwk8j4cv2jjx6x9_h4twc0000gn/T//ccAbAfbf.s:659    .text.Tachometer_GetReading:00000000 Tachometer_GetReading
/var/folders/t9/y_chwk8j4cv2jjx6x9_h4twc0000gn/T//ccAbAfbf.s:690    .text.Tachometer_GetReading:00000014 $d
/var/folders/t9/y_chwk8j4cv2jjx6x9_h4twc0000gn/T//ccAbAfbf.s:695    .text.Tachometer_GetSnapshot:00000000 $t
/var/folders/t9/y_chwk8j4cv2jjx6x9_h4twc0000gn/T//ccAbAfbf.s:701    .text.Tachometer_GetSnapshot:00000000 Tachometer_GetSnapshot
/var/folders/t9/y_chwk8j4cv2jjx6x9_h4twc0000gn/T//ccAbAfbf.s:761    .text.Tachometer_GetSnapshot:00000034 $d
/var/folders/t9/y_chwk8j4cv2jjx6x9_h4twc0000gn/T//ccAbAfbf.s:766    .bss.g_tach:00000000 $d

UNDEFINED SYMBOLS
HAL_TIM_ReadCapturedValue
HAL_GetTick
